TN:
SF:src/routes/tasks.route.js
FN:11,(anonymous_0)
FN:21,(anonymous_1)
FN:30,(anonymous_2)
FN:39,(anonymous_3)
FNF:4
FNH:0
FNDA:0,(anonymous_0)
FNDA:0,(anonymous_1)
FNDA:0,(anonymous_2)
FNDA:0,(anonymous_3)
DA:1,1
DA:2,1
DA:3,1
DA:11,1
DA:12,0
DA:14,0
DA:15,0
DA:17,0
DA:21,1
DA:22,0
DA:23,0
DA:24,0
DA:26,0
DA:30,1
DA:31,0
DA:32,0
DA:33,0
DA:35,0
DA:39,1
DA:40,0
DA:41,0
DA:42,0
DA:44,0
DA:48,1
LF:24
LH:8
BRF:0
BRH:0
end_of_record
TN:
SF:src/routes/models/task.model.js
FNF:0
FNH:0
DA:1,1
DA:3,1
DA:5,1
DA:20,1
DA:22,1
LF:5
LH:5
BRF:0
BRH:0
end_of_record
TN:
SF:src/server/app.js
FN:12,(anonymous_0)
FNF:1
FNH:1
FNDA:1,(anonymous_0)
DA:1,1
DA:2,1
DA:3,1
DA:4,1
DA:6,1
DA:7,1
DA:9,1
DA:10,1
DA:12,1
DA:13,1
DA:16,1
LF:11
LH:11
BRF:0
BRH:0
end_of_record
